<?xml version="1.0" encoding="utf-8"?><testsuites name="pytest tests"><testsuite name="pytest" errors="0" failures="1" skipped="0" tests="22" time="8.691" timestamp="2026-07-14T09:51:44.187934+00:00" hostname="agent-env-e3f1a900-42f7-491d-a29c-b8a4edb67ed6"><testcase classname="tests.backend_test" name="test_faq_list" time="0.259" /><testcase classname="tests.test_iteration3" name="test_services_currency_inr_and_signature_facial_price" time="0.253" /><testcase classname="tests.test_iteration3" name="test_services_categories_endpoint" time="0.100" /><testcase classname="tests.backend_test" name="test_careers_list" time="0.121" /><testcase classname="tests.test_iteration3" name="test_membership_plans_inr" time="0.155" /><testcase classname="tests.backend_test" name="test_cancellation_policy" time="0.135" /><testcase classname="tests.test_iteration3" name="test_professionals_categories_endpoint" time="0.104" /><testcase classname="tests.test_iteration3" name="test_professional_register_with_valid_category" time="0.233" /><testcase classname="tests.test_iteration3" name="test_professional_register_missing_category_returns_422" time="0.212" /><testcase classname="tests.backend_test" name="test_professional_register_and_admin_approval" time="1.126" /><testcase classname="tests.test_iteration3" name="test_professional_register_invalid_category_returns_400" time="0.145" /><testcase classname="tests.test_iteration3" name="test_payment_checkout_currency_inr" time="1.515"><failure message="AssertionError: assert ('session_id' in {'checkout_url': 'https://checkout.stripe.com/c/pay/cs_test_a1B4GrUNklFUyZXHx9UClxQFC4ldpOlZZpFWhuYzZ70JL6YUUGUnNY75RX#fidnandhYHdWcXxpYCc%2FJ2FgY2RwaXEnKSdicGRmZGhqaWBTZHdsZGtxJz8nZmprcXdqaScpJ2R1bE5gfCc%2FJ3VuWnFgdnFaMDRXbE1PbkYxSmNdNEI8VlZ%2FXWlVXHIzQ102Zkc3X3cyQ0tVMktEaUFNSV1MNE1AUUhMTzVAQGZEbktRaXZRbzJCR2BBU3FXVEw8YFQzMm5hazZOYWEwSFA1NVJiY2owRlBjJyknY3dqaFZgd3Ngdyc%2FcXdwYCknZ2RmbmJ3anBrYUZqaWp3Jz8nJmNjY2NjYycpJ2lkfGpwcVF8dWAnPyd2bGtiaWBabHFgaCcpJ2BrZGdpYFVpZGZgbWppYWB3dic%2FcXdwYHgl', 'session_id': 'cs_test_a1B4GrUNklFUyZXHx9UClxQFC4ldpOlZZpFWhuYzZ70JL6YUUGUnNY75RX'} and 'url' in {'checkout_url': 'https://checkout.stripe.com/c/pay/cs_test_a1B4GrUNklFUyZXHx9UClxQFC4ldpOlZZpFWhuYzZ70JL6YUUGUnNY75RX#fidnandhYHdWcXxpYCc%2FJ2FgY2RwaXEnKSdicGRmZGhqaWBTZHdsZGtxJz8nZmprcXdqaScpJ2R1bE5gfCc%2FJ3VuWnFgdnFaMDRXbE1PbkYxSmNdNEI8VlZ%2FXWlVXHIzQ102Zkc3X3cyQ0tVMktEaUFNSV1MNE1AUUhMTzVAQGZEbktRaXZRbzJCR2BBU3FXVEw8YFQzMm5hazZOYWEwSFA1NVJiY2owRlBjJyknY3dqaFZgd3Ngdyc%2FcXdwYCknZ2RmbmJ3anBrYUZqaWp3Jz8nJmNjY2NjYycpJ2lkfGpwcVF8dWAnPyd2bGtiaWBabHFgaCcpJ2BrZGdpYFVpZGZgbWppYWB3dic%2FcXdwYHgl', 'session_id': 'cs_test_a1B4GrUNklFUyZXHx9UClxQFC4ldpOlZZpFWhuYzZ70JL6YUUGUnNY75RX'})">backend/tests/test_iteration3.py:138: in test_payment_checkout_currency_inr
    assert "session_id" in body and "url" in body
E   AssertionError: assert ('session_id' in {'checkout_url': 'https://checkout.stripe.com/c/pay/cs_test_a1B4GrUNklFUyZXHx9UClxQFC4ldpOlZZpFWhuYzZ70JL6YUUGUnNY75RX#fidnandhYHdWcXxpYCc%2FJ2FgY2RwaXEnKSdicGRmZGhqaWBTZHdsZGtxJz8nZmprcXdqaScpJ2R1bE5gfCc%2FJ3VuWnFgdnFaMDRXbE1PbkYxSmNdNEI8VlZ%2FXWlVXHIzQ102Zkc3X3cyQ0tVMktEaUFNSV1MNE1AUUhMTzVAQGZEbktRaXZRbzJCR2BBU3FXVEw8YFQzMm5hazZOYWEwSFA1NVJiY2owRlBjJyknY3dqaFZgd3Ngdyc%2FcXdwYCknZ2RmbmJ3anBrYUZqaWp3Jz8nJmNjY2NjYycpJ2lkfGpwcVF8dWAnPyd2bGtiaWBabHFgaCcpJ2BrZGdpYFVpZGZgbWppYWB3dic%2FcXdwYHgl', 'session_id': 'cs_test_a1B4GrUNklFUyZXHx9UClxQFC4ldpOlZZpFWhuYzZ70JL6YUUGUnNY75RX'} and 'url' in {'checkout_url': 'https://checkout.stripe.com/c/pay/cs_test_a1B4GrUNklFUyZXHx9UClxQFC4ldpOlZZpFWhuYzZ70JL6YUUGUnNY75RX#fidnandhYHdWcXxpYCc%2FJ2FgY2RwaXEnKSdicGRmZGhqaWBTZHdsZGtxJz8nZmprcXdqaScpJ2R1bE5gfCc%2FJ3VuWnFgdnFaMDRXbE1PbkYxSmNdNEI8VlZ%2FXWlVXHIzQ102Zkc3X3cyQ0tVMktEaUFNSV1MNE1AUUhMTzVAQGZEbktRaXZRbzJCR2BBU3FXVEw8YFQzMm5hazZOYWEwSFA1NVJiY2owRlBjJyknY3dqaFZgd3Ngdyc%2FcXdwYCknZ2RmbmJ3anBrYUZqaWp3Jz8nJmNjY2NjYycpJ2lkfGpwcVF8dWAnPyd2bGtiaWBabHFgaCcpJ2BrZGdpYFVpZGZgbWppYWB3dic%2FcXdwYHgl', 'session_id': 'cs_test_a1B4GrUNklFUyZXHx9UClxQFC4ldpOlZZpFWhuYzZ70JL6YUUGUnNY75RX'})</failure></testcase><testcase classname="tests.backend_test" name="test_admin_professionals_requires_admin" time="0.463" /><testcase classname="tests.backend_test" name="test_testimonials_list" time="0.609" /><testcase classname="tests.backend_test" name="test_renewal_status_no_membership" time="0.100" /><testcase classname="tests.backend_test" name="test_notify_subscribe" time="0.100" /><testcase classname="tests.backend_test" name="test_admin_change_role_and_revert" time="0.397" /><testcase classname="tests.backend_test" name="test_admin_orders_list" time="0.107" /><testcase classname="tests.backend_test" name="test_booking_cancel_full_refund" time="0.694" /><testcase classname="tests.backend_test" name="test_booking_reschedule" time="0.712" /><testcase classname="tests.backend_test" name="test_chat_send_and_history" time="3.334" /><testcase classname="tests.backend_test" name="test_chat_requires_auth" time="0.096" /></testsuite></testsuites>