<?xml version="1.0" encoding="utf-8"?><testsuites name="pytest tests"><testsuite name="pytest" errors="0" failures="0" skipped="0" tests="14" time="8.609" timestamp="2026-07-14T09:08:41.476960+00:00" hostname="agent-env-e3f1a900-42f7-491d-a29c-b8a4edb67ed6"><testcase classname="tests.backend_test" name="test_faq_list" time="0.295" /><testcase classname="tests.backend_test" name="test_careers_list" time="0.103" /><testcase classname="tests.backend_test" name="test_cancellation_policy" time="0.114" /><testcase classname="tests.backend_test" name="test_professional_register_and_admin_approval" time="0.832" /><testcase classname="tests.backend_test" name="test_admin_professionals_requires_admin" time="0.417" /><testcase classname="tests.backend_test" name="test_testimonials_list" time="0.095" /><testcase classname="tests.backend_test" name="test_renewal_status_no_membership" time="0.140" /><testcase classname="tests.backend_test" name="test_notify_subscribe" time="0.110" /><testcase classname="tests.backend_test" name="test_admin_change_role_and_revert" time="0.456" /><testcase classname="tests.backend_test" name="test_admin_orders_list" time="0.105" /><testcase classname="tests.backend_test" name="test_booking_cancel_full_refund" time="0.797" /><testcase classname="tests.backend_test" name="test_booking_reschedule" time="0.752" /><testcase classname="tests.backend_test" name="test_chat_send_and_history" time="3.863" /><testcase classname="tests.backend_test" name="test_chat_requires_auth" time="0.096" /></testsuite></testsuites>